<?xml version="1.0" encoding="UTF-8"?>
<!-- Generated by org.testng.reporters.JUnitXMLReporter -->
<testsuite hostname="IMPC3478" name="ie" tests="1" failures="0" timestamp="24 Aug 2016 17:41:43 GMT" time="0.091" errors="0">
  <testcase name="@BeforeTest setup" time="0.0" classname="imageSubmissionPortalTestcases.ImageSubmissionDropdown">
    <failure type="java.lang.IllegalStateException" message="The driver executable does not exist: D:\DEV\ESRI_TEST\com.esri.test.automation\lib\IEdriver.exe">
      <![CDATA[java.lang.IllegalStateException: The driver executable does not exist: D:\DEV\ESRI_TEST\com.esri.test.automation\lib\IEdriver.exe
	at com.google.common.base.Preconditions.checkState(Preconditions.java:199)
	at org.openqa.selenium.remote.service.DriverService.checkExecutable(DriverService.java:121)
	at org.openqa.selenium.remote.service.DriverService.findExecutable(DriverService.java:116)
	at org.openqa.selenium.ie.InternetExplorerDriverService.access$000(InternetExplorerDriverService.java:32)
	at org.openqa.selenium.ie.InternetExplorerDriverService$Builder.findDefaultExecutable(InternetExplorerDriverService.java:167)
	at org.openqa.selenium.remote.service.DriverService$Builder.build(DriverService.java:296)
	at org.openqa.selenium.ie.InternetExplorerDriver.setupService(InternetExplorerDriver.java:251)
	at org.openqa.selenium.ie.InternetExplorerDriver.<init>(InternetExplorerDriver.java:172)
	at org.openqa.selenium.ie.InternetExplorerDriver.<init>(InternetExplorerDriver.java:146)
	at imageSubmissionPortalTestcases.ImageSubmissionDropdown.setup(ImageSubmissionDropdown.java:39)
	at java.util.concurrent.FutureTask.run(Unknown Source)
	at java.util.concurrent.ThreadPoolExecutor.runWorker(Unknown Source)
	at java.util.concurrent.ThreadPoolExecutor$Worker.run(Unknown Source)
	at java.lang.Thread.run(Unknown Source)
... Removed 14 stack frames]]>
    </failure>
  </testcase> <!-- @BeforeTest setup -->
  <testcase name="@AfterTest quitBrowser" time="0.0" classname="imageSubmissionPortalTestcases.ImageSubmissionDropdown">
    <skipped/>
  </testcase> <!-- @AfterTest quitBrowser -->
  <testcase name="ImageSubmissionPortaltest" time="0.002" classname="imageSubmissionPortalTestcases.ImageSubmissionDropdown">
    <skipped/>
  </testcase> <!-- ImageSubmissionPortaltest -->
</testsuite> <!-- ie -->
